<?xml version="1.0" encoding="UTF-8"?>
<testng-results skipped="0" failed="0" ignored="0" total="1" passed="1">
  <reporter-output>
  </reporter-output>
  <suite name="Default suite" duration-ms="11746" started-at="2020-12-07T18:24:39Z" finished-at="2020-12-07T18:24:51Z">
    <groups>
    </groups>
    <test name="Default test" duration-ms="11746" started-at="2020-12-07T18:24:39Z" finished-at="2020-12-07T18:24:51Z">
      <class name="com.testCases.LoginTest">
        <test-method status="PASS" signature="stratUp()[pri:0, instance:com.testCases.LoginTest@25243bc1]" name="stratUp" is-config="true" duration-ms="9562" started-at="2020-12-07T18:24:39Z" finished-at="2020-12-07T18:24:48Z">
          <reporter-output>
          </reporter-output>
        </test-method> <!-- stratUp -->
        <test-method status="PASS" signature="login()[pri:0, instance:com.testCases.LoginTest@25243bc1]" name="login" duration-ms="1484" started-at="2020-12-07T18:24:49Z" finished-at="2020-12-07T18:24:50Z">
          <reporter-output>
          </reporter-output>
        </test-method> <!-- login -->
        <test-method status="PASS" signature="close()[pri:0, instance:com.testCases.LoginTest@25243bc1]" name="close" is-config="true" duration-ms="384" started-at="2020-12-07T18:24:50Z" finished-at="2020-12-07T18:24:51Z">
          <reporter-output>
          </reporter-output>
        </test-method> <!-- close -->
      </class> <!-- com.testCases.LoginTest -->
    </test> <!-- Default test -->
  </suite> <!-- Default suite -->
</testng-results>
